<?xml version="1.0" encoding="UTF-8"?>
<testng-results skipped="0" failed="0" ignored="0" total="1" passed="1">
  <reporter-output>
  </reporter-output>
  <suite name="Default suite" duration-ms="14597" started-at="2020-11-04T17:32:54 CST" finished-at="2020-11-04T17:33:09 CST">
    <groups>
    </groups>
    <test name="Default test" duration-ms="14597" started-at="2020-11-04T17:32:54 CST" finished-at="2020-11-04T17:33:09 CST">
      <class name="test.MonthDropDownTest">
        <test-method status="PASS" signature="validateMonthDropDown()[pri:0, instance:test.MonthDropDownTest@22a67b4]" name="validateMonthDropDown" duration-ms="14461" started-at="2020-11-04T17:32:54 CST" finished-at="2020-11-04T17:33:09 CST">
          <reporter-output>
          </reporter-output>
        </test-method> <!-- validateMonthDropDown -->
      </class> <!-- test.MonthDropDownTest -->
    </test> <!-- Default test -->
  </suite> <!-- Default suite -->
</testng-results>
